<?xml version="1.0" encoding="UTF-8"?>
<testsuite xmlns:xsi="http://www.w3.org/2001/XMLSchema-instance" xsi:noNamespaceSchemaLocation="https://maven.apache.org/surefire/maven-surefire-plugin/xsd/surefire-test-report-3.0.xsd" version="3.0" name="com.app.ConsumerApplicationTests" time="0.006" tests="1" errors="0" skipped="0" failures="0">
  <properties>
[...]
</properties>
  <testcase name="contextLoads" classname="com.app.ConsumerApplicationTests" time="0.002">
    <system-out><![CDATA[2024-06-03T13:46:52.353+05:30  INFO 61349 --- [customer_service] [           main] t.c.s.AnnotationConfigContextLoaderUtils : Could not detect default configuration classes for test class [com.app.ConsumerApplicationTests]: ConsumerApplicationTests does not declare any static, non-private, non-final, nested classes annotated with @Configuration.
2024-06-03T13:46:52.354+05:30  INFO 61349 --- [customer_service] [           main] .b.t.c.SpringBootTestContextBootstrapper : Found @SpringBootConfiguration com.app.ConsumerApplication for test class com.app.ConsumerApplicationTests
]]></system-out>
  </testcase>
</testsuite>